<?xml version="1.0" encoding="UTF-8"?>
<testsuites name="jest tests" tests="2" failures="0" errors="0" time="15.958">
  <testsuite name="PublicApiService" errors="0" failures="0" skipped="0" timestamp="2026-05-06T06:11:23" time="12.464" tests="2">
    <testcase classname="PublicApiService enriches public incidents with camera coordinates" name="PublicApiService enriches public incidents with camera coordinates" time="0.029">
    </testcase>
    <testcase classname="PublicApiService returns AI-labelled route suggestions for the planner" name="PublicApiService returns AI-labelled route suggestions for the planner" time="0.023">
    </testcase>
  </testsuite>
</testsuites>